
*** Running vivado
    with args -log design_1_sys_ctrl_0_0.vds -m64 -product Vivado -mode batch -messageDb vivado.pb -notrace -source design_1_sys_ctrl_0_0.tcl


****** Vivado v2018.1 (64-bit)
  **** SW Build 2188600 on Wed Apr  4 18:39:19 MDT 2018
  **** IP Build 2185939 on Wed Apr  4 20:55:05 MDT 2018
    ** Copyright 1986-2018 Xilinx, Inc. All Rights Reserved.

source design_1_sys_ctrl_0_0.tcl -notrace
Command: synth_design -top design_1_sys_ctrl_0_0 -part xc7a35tftg256-1 -mode out_of_context
Starting synth_design
Attempting to get a license for feature 'Synthesis' and/or device 'xc7a35t'
INFO: [Common 17-349] Got license for feature 'Synthesis' and/or device 'xc7a35t'
INFO: Launching helper process for spawning children vivado processes
INFO: Helper process launched with PID 61403 
---------------------------------------------------------------------------------
Starting RTL Elaboration : Time (s): cpu = 00:00:10 ; elapsed = 00:00:10 . Memory (MB): peak = 1309.188 ; gain = 63.988 ; free physical = 3155 ; free virtual = 13114
---------------------------------------------------------------------------------
INFO: [Synth 8-6157] synthesizing module 'design_1_sys_ctrl_0_0' [/home/nks/Desktop/at7_ex16_bd/project_AT7_BLOCK_design/project_AT7_BLOCK_design.srcs/sources_1/bd/design_1/ip/design_1_sys_ctrl_0_0/synth/design_1_sys_ctrl_0_0.v:57]
INFO: [Synth 8-6157] synthesizing module 'sys_ctrl' [/home/nks/Desktop/at7_ex16_bd/project_AT7_BLOCK_design/project_AT7_BLOCK_design.srcs/sources_1/imports/new/sys_ctrl.v:14]
INFO: [Synth 8-6155] done synthesizing module 'sys_ctrl' (1#1) [/home/nks/Desktop/at7_ex16_bd/project_AT7_BLOCK_design/project_AT7_BLOCK_design.srcs/sources_1/imports/new/sys_ctrl.v:14]
INFO: [Synth 8-6155] done synthesizing module 'design_1_sys_ctrl_0_0' (2#1) [/home/nks/Desktop/at7_ex16_bd/project_AT7_BLOCK_design/project_AT7_BLOCK_design.srcs/sources_1/bd/design_1/ip/design_1_sys_ctrl_0_0/synth/design_1_sys_ctrl_0_0.v:57]
---------------------------------------------------------------------------------
Finished RTL Elaboration : Time (s): cpu = 00:00:10 ; elapsed = 00:00:11 . Memory (MB): peak = 1352.797 ; gain = 107.598 ; free physical = 3083 ; free virtual = 13042
---------------------------------------------------------------------------------

Report Check Netlist: 
+------+------------------+-------+---------+-------+------------------+
|      |Item              |Errors |Warnings |Status |Description       |
+------+------------------+-------+---------+-------+------------------+
|1     |multi_driven_nets |      0|        0|Passed |Multi driven nets |
+------+------------------+-------+---------+-------+------------------+
---------------------------------------------------------------------------------
Start Handling Custom Attributes
---------------------------------------------------------------------------------
---------------------------------------------------------------------------------
Finished Handling Custom Attributes : Time (s): cpu = 00:00:11 ; elapsed = 00:00:12 . Memory (MB): peak = 1352.797 ; gain = 107.598 ; free physical = 3190 ; free virtual = 13150
---------------------------------------------------------------------------------
---------------------------------------------------------------------------------
Finished RTL Optimization Phase 1 : Time (s): cpu = 00:00:11 ; elapsed = 00:00:12 . Memory (MB): peak = 1352.797 ; gain = 107.598 ; free physical = 3190 ; free virtual = 13150
---------------------------------------------------------------------------------
INFO: [Device 21-403] Loading part xc7a35tftg256-1
INFO: [Project 1-570] Preparing netlist for logic optimization

Processing XDC Constraints
Initializing timing engine
Completed Processing XDC Constraints

INFO: [Project 1-111] Unisim Transformation Summary:
No Unisim elements were transformed.

Constraint Validation Runtime : Time (s): cpu = 00:00:00.01 ; elapsed = 00:00:00.02 . Memory (MB): peak = 1593.172 ; gain = 0.000 ; free physical = 2503 ; free virtual = 12463
---------------------------------------------------------------------------------
Finished Constraint Validation : Time (s): cpu = 00:00:26 ; elapsed = 00:00:38 . Memory (MB): peak = 1593.172 ; gain = 347.973 ; free physical = 2643 ; free virtual = 12602
---------------------------------------------------------------------------------
---------------------------------------------------------------------------------
Start Loading Part and Timing Information
---------------------------------------------------------------------------------
Loading part: xc7a35tftg256-1
---------------------------------------------------------------------------------
Finished Loading Part and Timing Information : Time (s): cpu = 00:00:26 ; elapsed = 00:00:38 . Memory (MB): peak = 1593.172 ; gain = 347.973 ; free physical = 2643 ; free virtual = 12602
---------------------------------------------------------------------------------
---------------------------------------------------------------------------------
Start Applying 'set_property' XDC Constraints
---------------------------------------------------------------------------------
---------------------------------------------------------------------------------
Finished applying 'set_property' XDC Constraints : Time (s): cpu = 00:00:26 ; elapsed = 00:00:38 . Memory (MB): peak = 1593.172 ; gain = 347.973 ; free physical = 2644 ; free virtual = 12604
---------------------------------------------------------------------------------
---------------------------------------------------------------------------------
Finished RTL Optimization Phase 2 : Time (s): cpu = 00:00:26 ; elapsed = 00:00:38 . Memory (MB): peak = 1593.172 ; gain = 347.973 ; free physical = 2684 ; free virtual = 12646
---------------------------------------------------------------------------------

Report RTL Partitions: 
+-+--------------+------------+----------+
| |RTL Partition |Replication |Instances |
+-+--------------+------------+----------+
+-+--------------+------------+----------+
---------------------------------------------------------------------------------
Start RTL Component Statistics 
---------------------------------------------------------------------------------
Detailed RTL Component Info : 
+---Registers : 
	                1 Bit    Registers := 4     
---------------------------------------------------------------------------------
Finished RTL Component Statistics 
---------------------------------------------------------------------------------
---------------------------------------------------------------------------------
Start RTL Hierarchical Component Statistics 
---------------------------------------------------------------------------------
Hierarchical RTL Component report 
Module sys_ctrl 
Detailed RTL Component Info : 
+---Registers : 
	                1 Bit    Registers := 4     
---------------------------------------------------------------------------------
Finished RTL Hierarchical Component Statistics
---------------------------------------------------------------------------------
---------------------------------------------------------------------------------
Start Part Resource Summary
---------------------------------------------------------------------------------
Part Resources:
DSPs: 90 (col length:60)
BRAMs: 100 (col length: RAMB18 60 RAMB36 30)
---------------------------------------------------------------------------------
Finished Part Resource Summary
---------------------------------------------------------------------------------
---------------------------------------------------------------------------------
Start Cross Boundary and Area Optimization
---------------------------------------------------------------------------------
Warning: Parallel synthesis criteria is not met 
---------------------------------------------------------------------------------
Finished Cross Boundary and Area Optimization : Time (s): cpu = 00:00:26 ; elapsed = 00:00:39 . Memory (MB): peak = 1593.172 ; gain = 347.973 ; free physical = 2671 ; free virtual = 12636
---------------------------------------------------------------------------------

Report RTL Partitions: 
+-+--------------+------------+----------+
| |RTL Partition |Replication |Instances |
+-+--------------+------------+----------+
+-+--------------+------------+----------+
---------------------------------------------------------------------------------
Start Applying XDC Timing Constraints
---------------------------------------------------------------------------------
---------------------------------------------------------------------------------
Finished Applying XDC Timing Constraints : Time (s): cpu = 00:00:32 ; elapsed = 00:00:47 . Memory (MB): peak = 1593.172 ; gain = 347.973 ; free physical = 2326 ; free virtual = 12291
---------------------------------------------------------------------------------
---------------------------------------------------------------------------------
Start Timing Optimization
---------------------------------------------------------------------------------
---------------------------------------------------------------------------------
Finished Timing Optimization : Time (s): cpu = 00:00:32 ; elapsed = 00:00:47 . Memory (MB): peak = 1593.172 ; gain = 347.973 ; free physical = 2325 ; free virtual = 12290
---------------------------------------------------------------------------------

Report RTL Partitions: 
+-+--------------+------------+----------+
| |RTL Partition |Replication |Instances |
+-+--------------+------------+----------+
+-+--------------+------------+----------+
---------------------------------------------------------------------------------
Start Technology Mapping
---------------------------------------------------------------------------------
---------------------------------------------------------------------------------
Finished Technology Mapping : Time (s): cpu = 00:00:32 ; elapsed = 00:00:47 . Memory (MB): peak = 1597.172 ; gain = 351.973 ; free physical = 2320 ; free virtual = 12285
---------------------------------------------------------------------------------

Report RTL Partitions: 
+-+--------------+------------+----------+
| |RTL Partition |Replication |Instances |
+-+--------------+------------+----------+
+-+--------------+------------+----------+
---------------------------------------------------------------------------------
Start IO Insertion
---------------------------------------------------------------------------------
---------------------------------------------------------------------------------
Start Flattening Before IO Insertion
---------------------------------------------------------------------------------
---------------------------------------------------------------------------------
Finished Flattening Before IO Insertion
---------------------------------------------------------------------------------
---------------------------------------------------------------------------------
Start Final Netlist Cleanup
---------------------------------------------------------------------------------
---------------------------------------------------------------------------------
Finished Final Netlist Cleanup
---------------------------------------------------------------------------------
---------------------------------------------------------------------------------
Finished IO Insertion : Time (s): cpu = 00:00:33 ; elapsed = 00:00:48 . Memory (MB): peak = 1597.172 ; gain = 351.973 ; free physical = 2285 ; free virtual = 12249
---------------------------------------------------------------------------------

Report Check Netlist: 
+------+------------------+-------+---------+-------+------------------+
|      |Item              |Errors |Warnings |Status |Description       |
+------+------------------+-------+---------+-------+------------------+
|1     |multi_driven_nets |      0|        0|Passed |Multi driven nets |
+------+------------------+-------+---------+-------+------------------+
---------------------------------------------------------------------------------
Start Renaming Generated Instances
---------------------------------------------------------------------------------
---------------------------------------------------------------------------------
Finished Renaming Generated Instances : Time (s): cpu = 00:00:33 ; elapsed = 00:00:48 . Memory (MB): peak = 1597.172 ; gain = 351.973 ; free physical = 2285 ; free virtual = 12249
---------------------------------------------------------------------------------

Report RTL Partitions: 
+-+--------------+------------+----------+
| |RTL Partition |Replication |Instances |
+-+--------------+------------+----------+
+-+--------------+------------+----------+
---------------------------------------------------------------------------------
Start Rebuilding User Hierarchy
---------------------------------------------------------------------------------
---------------------------------------------------------------------------------
Finished Rebuilding User Hierarchy : Time (s): cpu = 00:00:33 ; elapsed = 00:00:48 . Memory (MB): peak = 1597.172 ; gain = 351.973 ; free physical = 2285 ; free virtual = 12249
---------------------------------------------------------------------------------
---------------------------------------------------------------------------------
Start Renaming Generated Ports
---------------------------------------------------------------------------------
---------------------------------------------------------------------------------
Finished Renaming Generated Ports : Time (s): cpu = 00:00:33 ; elapsed = 00:00:48 . Memory (MB): peak = 1597.172 ; gain = 351.973 ; free physical = 2285 ; free virtual = 12249
---------------------------------------------------------------------------------
---------------------------------------------------------------------------------
Start Handling Custom Attributes
---------------------------------------------------------------------------------
---------------------------------------------------------------------------------
Finished Handling Custom Attributes : Time (s): cpu = 00:00:33 ; elapsed = 00:00:48 . Memory (MB): peak = 1597.172 ; gain = 351.973 ; free physical = 2285 ; free virtual = 12249
---------------------------------------------------------------------------------
---------------------------------------------------------------------------------
Start Renaming Generated Nets
---------------------------------------------------------------------------------
---------------------------------------------------------------------------------
Finished Renaming Generated Nets : Time (s): cpu = 00:00:33 ; elapsed = 00:00:48 . Memory (MB): peak = 1597.172 ; gain = 351.973 ; free physical = 2285 ; free virtual = 12249
---------------------------------------------------------------------------------
---------------------------------------------------------------------------------
Start Writing Synthesis Report
---------------------------------------------------------------------------------

Report BlackBoxes: 
+-+--------------+----------+
| |BlackBox name |Instances |
+-+--------------+----------+
+-+--------------+----------+

Report Cell Usage: 
+------+-----+------+
|      |Cell |Count |
+------+-----+------+
|1     |LUT1 |     2|
|2     |FDCE |     3|
|3     |FDRE |     1|
+------+-----+------+

Report Instance Areas: 
+------+---------+---------+------+
|      |Instance |Module   |Cells |
+------+---------+---------+------+
|1     |top      |         |     6|
|2     |  inst   |sys_ctrl |     6|
+------+---------+---------+------+
---------------------------------------------------------------------------------
Finished Writing Synthesis Report : Time (s): cpu = 00:00:33 ; elapsed = 00:00:48 . Memory (MB): peak = 1597.172 ; gain = 351.973 ; free physical = 2285 ; free virtual = 12249
---------------------------------------------------------------------------------
Synthesis finished with 0 errors, 0 critical warnings and 0 warnings.
Synthesis Optimization Runtime : Time (s): cpu = 00:00:27 ; elapsed = 00:00:32 . Memory (MB): peak = 1597.172 ; gain = 111.598 ; free physical = 2338 ; free virtual = 12303
Synthesis Optimization Complete : Time (s): cpu = 00:00:33 ; elapsed = 00:00:48 . Memory (MB): peak = 1597.180 ; gain = 351.973 ; free physical = 2338 ; free virtual = 12303
INFO: [Project 1-571] Translating synthesized netlist
INFO: [Project 1-570] Preparing netlist for logic optimization
INFO: [Opt 31-138] Pushed 0 inverter(s) to 0 load pin(s).
INFO: [Project 1-111] Unisim Transformation Summary:
No Unisim elements were transformed.

INFO: [Common 17-83] Releasing license: Synthesis
13 Infos, 0 Warnings, 0 Critical Warnings and 0 Errors encountered.
synth_design completed successfully
synth_design: Time (s): cpu = 00:00:35 ; elapsed = 00:00:49 . Memory (MB): peak = 1603.172 ; gain = 417.449 ; free physical = 2353 ; free virtual = 12318
INFO: [Common 17-1381] The checkpoint '/home/nks/Desktop/at7_ex16_bd/project_AT7_BLOCK_design/project_AT7_BLOCK_design.runs/design_1_sys_ctrl_0_0_synth_1/design_1_sys_ctrl_0_0.dcp' has been generated.
INFO: [Common 17-1381] The checkpoint '/home/nks/Desktop/at7_ex16_bd/project_AT7_BLOCK_design/project_AT7_BLOCK_design.runs/design_1_sys_ctrl_0_0_synth_1/design_1_sys_ctrl_0_0.dcp' has been generated.
INFO: [runtcl-4] Executing : report_utilization -file design_1_sys_ctrl_0_0_utilization_synth.rpt -pb design_1_sys_ctrl_0_0_utilization_synth.pb
report_utilization: Time (s): cpu = 00:00:00.06 ; elapsed = 00:00:00.09 . Memory (MB): peak = 1603.172 ; gain = 0.000 ; free physical = 2425 ; free virtual = 12390
INFO: [Common 17-206] Exiting Vivado at Thu Jul 19 06:12:51 2018...
