
*** Running vivado
    with args -log design_1_ADC2FIFO_0_0.vds -m64 -product Vivado -mode batch -messageDb vivado.pb -notrace -source design_1_ADC2FIFO_0_0.tcl


****** Vivado v2018.1 (64-bit)
  **** SW Build 2188600 on Wed Apr  4 18:39:19 MDT 2018
  **** IP Build 2185939 on Wed Apr  4 20:55:05 MDT 2018
    ** Copyright 1986-2018 Xilinx, Inc. All Rights Reserved.

source design_1_ADC2FIFO_0_0.tcl -notrace
Command: synth_design -top design_1_ADC2FIFO_0_0 -part xc7a35tftg256-1 -mode out_of_context
Starting synth_design
Attempting to get a license for feature 'Synthesis' and/or device 'xc7a35t'
INFO: [Common 17-349] Got license for feature 'Synthesis' and/or device 'xc7a35t'
INFO: Launching helper process for spawning children vivado processes
INFO: Helper process launched with PID 93670 
---------------------------------------------------------------------------------
Starting RTL Elaboration : Time (s): cpu = 00:00:09 ; elapsed = 00:00:16 . Memory (MB): peak = 1309.184 ; gain = 63.988 ; free physical = 493 ; free virtual = 11474
---------------------------------------------------------------------------------
INFO: [Synth 8-6157] synthesizing module 'design_1_ADC2FIFO_0_0' [/home/nks/Desktop/at7_ex16_bd/project_AT7_BLOCK_design/project_AT7_BLOCK_design.srcs/sources_1/bd/design_1/ip/design_1_ADC2FIFO_0_0/synth/design_1_ADC2FIFO_0_0.v:57]
INFO: [Synth 8-6157] synthesizing module 'ADC2FIFO' [/home/nks/Desktop/at7_ex16_bd_adc/project_1/project_1.srcs/sources_1/new/ADC2FIFO.v:16]
	Parameter ADC_board_amount bound to: 2 - type: integer 
	Parameter ADC_resolution bound to: 14 - type: integer 
	Parameter FIFO_OUTPUT_width bound to: 32 - type: integer 
INFO: [Synth 8-6155] done synthesizing module 'ADC2FIFO' (1#1) [/home/nks/Desktop/at7_ex16_bd_adc/project_1/project_1.srcs/sources_1/new/ADC2FIFO.v:16]
INFO: [Synth 8-6155] done synthesizing module 'design_1_ADC2FIFO_0_0' (2#1) [/home/nks/Desktop/at7_ex16_bd/project_AT7_BLOCK_design/project_AT7_BLOCK_design.srcs/sources_1/bd/design_1/ip/design_1_ADC2FIFO_0_0/synth/design_1_ADC2FIFO_0_0.v:57]
---------------------------------------------------------------------------------
Finished RTL Elaboration : Time (s): cpu = 00:00:10 ; elapsed = 00:00:18 . Memory (MB): peak = 1352.793 ; gain = 107.598 ; free physical = 574 ; free virtual = 11557
---------------------------------------------------------------------------------

Report Check Netlist: 
+------+------------------+-------+---------+-------+------------------+
|      |Item              |Errors |Warnings |Status |Description       |
+------+------------------+-------+---------+-------+------------------+
|1     |multi_driven_nets |      0|        0|Passed |Multi driven nets |
+------+------------------+-------+---------+-------+------------------+
---------------------------------------------------------------------------------
Start Handling Custom Attributes
---------------------------------------------------------------------------------
---------------------------------------------------------------------------------
Finished Handling Custom Attributes : Time (s): cpu = 00:00:10 ; elapsed = 00:00:18 . Memory (MB): peak = 1352.793 ; gain = 107.598 ; free physical = 539 ; free virtual = 11522
---------------------------------------------------------------------------------
---------------------------------------------------------------------------------
Finished RTL Optimization Phase 1 : Time (s): cpu = 00:00:10 ; elapsed = 00:00:18 . Memory (MB): peak = 1352.793 ; gain = 107.598 ; free physical = 537 ; free virtual = 11519
---------------------------------------------------------------------------------
INFO: [Device 21-403] Loading part xc7a35tftg256-1
INFO: [Project 1-570] Preparing netlist for logic optimization

Processing XDC Constraints
Initializing timing engine
Completed Processing XDC Constraints

INFO: [Project 1-111] Unisim Transformation Summary:
No Unisim elements were transformed.

Constraint Validation Runtime : Time (s): cpu = 00:00:00.01 ; elapsed = 00:00:00.02 . Memory (MB): peak = 1575.168 ; gain = 0.000 ; free physical = 131 ; free virtual = 10342
---------------------------------------------------------------------------------
Finished Constraint Validation : Time (s): cpu = 00:00:26 ; elapsed = 00:00:51 . Memory (MB): peak = 1575.168 ; gain = 329.973 ; free physical = 254 ; free virtual = 10473
---------------------------------------------------------------------------------
---------------------------------------------------------------------------------
Start Loading Part and Timing Information
---------------------------------------------------------------------------------
Loading part: xc7a35tftg256-1
---------------------------------------------------------------------------------
Finished Loading Part and Timing Information : Time (s): cpu = 00:00:26 ; elapsed = 00:00:51 . Memory (MB): peak = 1575.168 ; gain = 329.973 ; free physical = 254 ; free virtual = 10473
---------------------------------------------------------------------------------
---------------------------------------------------------------------------------
Start Applying 'set_property' XDC Constraints
---------------------------------------------------------------------------------
---------------------------------------------------------------------------------
Finished applying 'set_property' XDC Constraints : Time (s): cpu = 00:00:26 ; elapsed = 00:00:51 . Memory (MB): peak = 1575.168 ; gain = 329.973 ; free physical = 256 ; free virtual = 10474
---------------------------------------------------------------------------------
---------------------------------------------------------------------------------
Finished RTL Optimization Phase 2 : Time (s): cpu = 00:00:26 ; elapsed = 00:00:51 . Memory (MB): peak = 1575.168 ; gain = 329.973 ; free physical = 255 ; free virtual = 10474
---------------------------------------------------------------------------------

Report RTL Partitions: 
+-+--------------+------------+----------+
| |RTL Partition |Replication |Instances |
+-+--------------+------------+----------+
+-+--------------+------------+----------+
---------------------------------------------------------------------------------
Start RTL Component Statistics 
---------------------------------------------------------------------------------
Detailed RTL Component Info : 
---------------------------------------------------------------------------------
Finished RTL Component Statistics 
---------------------------------------------------------------------------------
---------------------------------------------------------------------------------
Start RTL Hierarchical Component Statistics 
---------------------------------------------------------------------------------
Hierarchical RTL Component report 
---------------------------------------------------------------------------------
Finished RTL Hierarchical Component Statistics
---------------------------------------------------------------------------------
---------------------------------------------------------------------------------
Start Part Resource Summary
---------------------------------------------------------------------------------
Part Resources:
DSPs: 90 (col length:60)
BRAMs: 100 (col length: RAMB18 60 RAMB36 30)
---------------------------------------------------------------------------------
Finished Part Resource Summary
---------------------------------------------------------------------------------
---------------------------------------------------------------------------------
Start Cross Boundary and Area Optimization
---------------------------------------------------------------------------------
Warning: Parallel synthesis criteria is not met 
WARNING: [Synth 8-3330] design design_1_ADC2FIFO_0_0 has an empty top module
INFO: [Synth 8-3917] design design_1_ADC2FIFO_0_0 has port data_out[31] driven by constant 0
INFO: [Synth 8-3917] design design_1_ADC2FIFO_0_0 has port data_out[30] driven by constant 0
INFO: [Synth 8-3917] design design_1_ADC2FIFO_0_0 has port data_out[15] driven by constant 0
INFO: [Synth 8-3917] design design_1_ADC2FIFO_0_0 has port data_out[14] driven by constant 0
---------------------------------------------------------------------------------
Finished Cross Boundary and Area Optimization : Time (s): cpu = 00:00:26 ; elapsed = 00:00:51 . Memory (MB): peak = 1575.168 ; gain = 329.973 ; free physical = 292 ; free virtual = 10515
---------------------------------------------------------------------------------

Report RTL Partitions: 
+-+--------------+------------+----------+
| |RTL Partition |Replication |Instances |
+-+--------------+------------+----------+
+-+--------------+------------+----------+
---------------------------------------------------------------------------------
Start Applying XDC Timing Constraints
---------------------------------------------------------------------------------
---------------------------------------------------------------------------------
Finished Applying XDC Timing Constraints : Time (s): cpu = 00:00:32 ; elapsed = 00:01:05 . Memory (MB): peak = 1587.152 ; gain = 341.957 ; free physical = 130 ; free virtual = 9728
---------------------------------------------------------------------------------
---------------------------------------------------------------------------------
Start Timing Optimization
---------------------------------------------------------------------------------
---------------------------------------------------------------------------------
Finished Timing Optimization : Time (s): cpu = 00:00:32 ; elapsed = 00:01:05 . Memory (MB): peak = 1587.152 ; gain = 341.957 ; free physical = 137 ; free virtual = 9735
---------------------------------------------------------------------------------

Report RTL Partitions: 
+-+--------------+------------+----------+
| |RTL Partition |Replication |Instances |
+-+--------------+------------+----------+
+-+--------------+------------+----------+
---------------------------------------------------------------------------------
Start Technology Mapping
---------------------------------------------------------------------------------
---------------------------------------------------------------------------------
Finished Technology Mapping : Time (s): cpu = 00:00:32 ; elapsed = 00:01:05 . Memory (MB): peak = 1587.152 ; gain = 341.957 ; free physical = 129 ; free virtual = 9727
---------------------------------------------------------------------------------

Report RTL Partitions: 
+-+--------------+------------+----------+
| |RTL Partition |Replication |Instances |
+-+--------------+------------+----------+
+-+--------------+------------+----------+
---------------------------------------------------------------------------------
Start IO Insertion
---------------------------------------------------------------------------------
---------------------------------------------------------------------------------
Start Flattening Before IO Insertion
---------------------------------------------------------------------------------
---------------------------------------------------------------------------------
Finished Flattening Before IO Insertion
---------------------------------------------------------------------------------
---------------------------------------------------------------------------------
Start Final Netlist Cleanup
---------------------------------------------------------------------------------
---------------------------------------------------------------------------------
Finished Final Netlist Cleanup
---------------------------------------------------------------------------------
---------------------------------------------------------------------------------
Finished IO Insertion : Time (s): cpu = 00:00:33 ; elapsed = 00:01:05 . Memory (MB): peak = 1587.152 ; gain = 341.957 ; free physical = 180 ; free virtual = 9778
---------------------------------------------------------------------------------

Report Check Netlist: 
+------+------------------+-------+---------+-------+------------------+
|      |Item              |Errors |Warnings |Status |Description       |
+------+------------------+-------+---------+-------+------------------+
|1     |multi_driven_nets |      0|        0|Passed |Multi driven nets |
+------+------------------+-------+---------+-------+------------------+
---------------------------------------------------------------------------------
Start Renaming Generated Instances
---------------------------------------------------------------------------------
---------------------------------------------------------------------------------
Finished Renaming Generated Instances : Time (s): cpu = 00:00:33 ; elapsed = 00:01:05 . Memory (MB): peak = 1587.152 ; gain = 341.957 ; free physical = 186 ; free virtual = 9784
---------------------------------------------------------------------------------

Report RTL Partitions: 
+-+--------------+------------+----------+
| |RTL Partition |Replication |Instances |
+-+--------------+------------+----------+
+-+--------------+------------+----------+
---------------------------------------------------------------------------------
Start Rebuilding User Hierarchy
---------------------------------------------------------------------------------
---------------------------------------------------------------------------------
Finished Rebuilding User Hierarchy : Time (s): cpu = 00:00:33 ; elapsed = 00:01:05 . Memory (MB): peak = 1587.152 ; gain = 341.957 ; free physical = 192 ; free virtual = 9790
---------------------------------------------------------------------------------
---------------------------------------------------------------------------------
Start Renaming Generated Ports
---------------------------------------------------------------------------------
---------------------------------------------------------------------------------
Finished Renaming Generated Ports : Time (s): cpu = 00:00:33 ; elapsed = 00:01:05 . Memory (MB): peak = 1587.152 ; gain = 341.957 ; free physical = 196 ; free virtual = 9794
---------------------------------------------------------------------------------
---------------------------------------------------------------------------------
Start Handling Custom Attributes
---------------------------------------------------------------------------------
---------------------------------------------------------------------------------
Finished Handling Custom Attributes : Time (s): cpu = 00:00:33 ; elapsed = 00:01:05 . Memory (MB): peak = 1587.152 ; gain = 341.957 ; free physical = 199 ; free virtual = 9797
---------------------------------------------------------------------------------
---------------------------------------------------------------------------------
Start Renaming Generated Nets
---------------------------------------------------------------------------------
---------------------------------------------------------------------------------
Finished Renaming Generated Nets : Time (s): cpu = 00:00:33 ; elapsed = 00:01:05 . Memory (MB): peak = 1587.152 ; gain = 341.957 ; free physical = 199 ; free virtual = 9797
---------------------------------------------------------------------------------
---------------------------------------------------------------------------------
Start Writing Synthesis Report
---------------------------------------------------------------------------------

Report BlackBoxes: 
+-+--------------+----------+
| |BlackBox name |Instances |
+-+--------------+----------+
+-+--------------+----------+

Report Cell Usage: 
+-+-----+------+
| |Cell |Count |
+-+-----+------+
+-+-----+------+

Report Instance Areas: 
+------+---------+-------+------+
|      |Instance |Module |Cells |
+------+---------+-------+------+
|1     |top      |       |     0|
+------+---------+-------+------+
---------------------------------------------------------------------------------
Finished Writing Synthesis Report : Time (s): cpu = 00:00:33 ; elapsed = 00:01:05 . Memory (MB): peak = 1587.152 ; gain = 341.957 ; free physical = 199 ; free virtual = 9797
---------------------------------------------------------------------------------
Synthesis finished with 0 errors, 0 critical warnings and 1 warnings.
Synthesis Optimization Runtime : Time (s): cpu = 00:00:27 ; elapsed = 00:00:44 . Memory (MB): peak = 1588.152 ; gain = 120.582 ; free physical = 371 ; free virtual = 9974
Synthesis Optimization Complete : Time (s): cpu = 00:00:33 ; elapsed = 00:01:06 . Memory (MB): peak = 1588.160 ; gain = 342.957 ; free physical = 373 ; free virtual = 9976
INFO: [Project 1-571] Translating synthesized netlist
INFO: [Project 1-570] Preparing netlist for logic optimization
INFO: [Opt 31-138] Pushed 0 inverter(s) to 0 load pin(s).
INFO: [Project 1-111] Unisim Transformation Summary:
No Unisim elements were transformed.

INFO: [Common 17-83] Releasing license: Synthesis
17 Infos, 1 Warnings, 0 Critical Warnings and 0 Errors encountered.
synth_design completed successfully
synth_design: Time (s): cpu = 00:00:34 ; elapsed = 00:01:07 . Memory (MB): peak = 1607.152 ; gain = 421.434 ; free physical = 305 ; free virtual = 9909
INFO: [Common 17-1381] The checkpoint '/home/nks/Desktop/at7_ex16_bd/project_AT7_BLOCK_design/project_AT7_BLOCK_design.runs/design_1_ADC2FIFO_0_0_synth_1/design_1_ADC2FIFO_0_0.dcp' has been generated.
INFO: [Common 17-1381] The checkpoint '/home/nks/Desktop/at7_ex16_bd/project_AT7_BLOCK_design/project_AT7_BLOCK_design.runs/design_1_ADC2FIFO_0_0_synth_1/design_1_ADC2FIFO_0_0.dcp' has been generated.
INFO: [runtcl-4] Executing : report_utilization -file design_1_ADC2FIFO_0_0_utilization_synth.rpt -pb design_1_ADC2FIFO_0_0_utilization_synth.pb
report_utilization: Time (s): cpu = 00:00:00.09 ; elapsed = 00:00:00.11 . Memory (MB): peak = 1607.152 ; gain = 0.000 ; free physical = 1429 ; free virtual = 11034
INFO: [Common 17-206] Exiting Vivado at Thu Jul 19 05:40:35 2018...
