
*** Running vivado
    with args -log design_1_xlconstant_1_2.vds -m64 -product Vivado -mode batch -messageDb vivado.pb -notrace -source design_1_xlconstant_1_2.tcl


****** Vivado v2018.1 (64-bit)
  **** SW Build 2188600 on Wed Apr  4 18:39:19 MDT 2018
  **** IP Build 2185939 on Wed Apr  4 20:55:05 MDT 2018
    ** Copyright 1986-2018 Xilinx, Inc. All Rights Reserved.

source design_1_xlconstant_1_2.tcl -notrace
Command: synth_design -top design_1_xlconstant_1_2 -part xc7a35tftg256-1 -mode out_of_context
Starting synth_design
Attempting to get a license for feature 'Synthesis' and/or device 'xc7a35t'
INFO: [Common 17-349] Got license for feature 'Synthesis' and/or device 'xc7a35t'
INFO: Launching helper process for spawning children vivado processes
INFO: Helper process launched with PID 62969 
---------------------------------------------------------------------------------
Starting RTL Elaboration : Time (s): cpu = 00:00:09 ; elapsed = 00:00:11 . Memory (MB): peak = 1284.180 ; gain = 87.000 ; free physical = 1419 ; free virtual = 11975
---------------------------------------------------------------------------------
INFO: [Synth 8-6157] synthesizing module 'design_1_xlconstant_1_2' [/home/nks/Desktop/at7_ex16_bd/project_AT7_BLOCK_design/project_AT7_BLOCK_design.srcs/sources_1/bd/design_1/ip/design_1_xlconstant_1_2/synth/design_1_xlconstant_1_2.v:57]
INFO: [Synth 8-6157] synthesizing module 'xlconstant_v1_1_4_xlconstant' [/home/nks/Desktop/at7_ex16_bd/project_AT7_BLOCK_design/project_AT7_BLOCK_design.srcs/sources_1/bd/design_1/ipshared/2fc9/hdl/xlconstant_v1_1_vl_rfs.v:23]
	Parameter CONST_VAL bound to: -65533 - type: integer 
	Parameter CONST_WIDTH bound to: 32 - type: integer 
INFO: [Synth 8-6155] done synthesizing module 'xlconstant_v1_1_4_xlconstant' (1#1) [/home/nks/Desktop/at7_ex16_bd/project_AT7_BLOCK_design/project_AT7_BLOCK_design.srcs/sources_1/bd/design_1/ipshared/2fc9/hdl/xlconstant_v1_1_vl_rfs.v:23]
INFO: [Synth 8-6155] done synthesizing module 'design_1_xlconstant_1_2' (2#1) [/home/nks/Desktop/at7_ex16_bd/project_AT7_BLOCK_design/project_AT7_BLOCK_design.srcs/sources_1/bd/design_1/ip/design_1_xlconstant_1_2/synth/design_1_xlconstant_1_2.v:57]
---------------------------------------------------------------------------------
Finished RTL Elaboration : Time (s): cpu = 00:00:10 ; elapsed = 00:00:13 . Memory (MB): peak = 1328.789 ; gain = 131.609 ; free physical = 1401 ; free virtual = 11958
---------------------------------------------------------------------------------

Report Check Netlist: 
+------+------------------+-------+---------+-------+------------------+
|      |Item              |Errors |Warnings |Status |Description       |
+------+------------------+-------+---------+-------+------------------+
|1     |multi_driven_nets |      0|        0|Passed |Multi driven nets |
+------+------------------+-------+---------+-------+------------------+
---------------------------------------------------------------------------------
Start Handling Custom Attributes
---------------------------------------------------------------------------------
---------------------------------------------------------------------------------
Finished Handling Custom Attributes : Time (s): cpu = 00:00:10 ; elapsed = 00:00:13 . Memory (MB): peak = 1328.789 ; gain = 131.609 ; free physical = 1452 ; free virtual = 12009
---------------------------------------------------------------------------------
---------------------------------------------------------------------------------
Finished RTL Optimization Phase 1 : Time (s): cpu = 00:00:10 ; elapsed = 00:00:13 . Memory (MB): peak = 1328.789 ; gain = 131.609 ; free physical = 1455 ; free virtual = 12012
---------------------------------------------------------------------------------
INFO: [Device 21-403] Loading part xc7a35tftg256-1
INFO: [Project 1-570] Preparing netlist for logic optimization

Processing XDC Constraints
Initializing timing engine
Completed Processing XDC Constraints

INFO: [Project 1-111] Unisim Transformation Summary:
No Unisim elements were transformed.

Constraint Validation Runtime : Time (s): cpu = 00:00:00.01 ; elapsed = 00:00:00.02 . Memory (MB): peak = 1570.176 ; gain = 0.000 ; free physical = 757 ; free virtual = 11313
---------------------------------------------------------------------------------
Finished Constraint Validation : Time (s): cpu = 00:00:25 ; elapsed = 00:00:41 . Memory (MB): peak = 1570.176 ; gain = 372.996 ; free physical = 937 ; free virtual = 11495
---------------------------------------------------------------------------------
---------------------------------------------------------------------------------
Start Loading Part and Timing Information
---------------------------------------------------------------------------------
Loading part: xc7a35tftg256-1
---------------------------------------------------------------------------------
Finished Loading Part and Timing Information : Time (s): cpu = 00:00:25 ; elapsed = 00:00:41 . Memory (MB): peak = 1570.176 ; gain = 372.996 ; free physical = 939 ; free virtual = 11496
---------------------------------------------------------------------------------
---------------------------------------------------------------------------------
Start Applying 'set_property' XDC Constraints
---------------------------------------------------------------------------------
---------------------------------------------------------------------------------
Finished applying 'set_property' XDC Constraints : Time (s): cpu = 00:00:25 ; elapsed = 00:00:41 . Memory (MB): peak = 1570.176 ; gain = 372.996 ; free physical = 946 ; free virtual = 11503
---------------------------------------------------------------------------------
---------------------------------------------------------------------------------
Finished RTL Optimization Phase 2 : Time (s): cpu = 00:00:25 ; elapsed = 00:00:41 . Memory (MB): peak = 1570.176 ; gain = 372.996 ; free physical = 954 ; free virtual = 11513
---------------------------------------------------------------------------------

Report RTL Partitions: 
+-+--------------+------------+----------+
| |RTL Partition |Replication |Instances |
+-+--------------+------------+----------+
+-+--------------+------------+----------+
---------------------------------------------------------------------------------
Start RTL Component Statistics 
---------------------------------------------------------------------------------
Detailed RTL Component Info : 
---------------------------------------------------------------------------------
Finished RTL Component Statistics 
---------------------------------------------------------------------------------
---------------------------------------------------------------------------------
Start RTL Hierarchical Component Statistics 
---------------------------------------------------------------------------------
Hierarchical RTL Component report 
---------------------------------------------------------------------------------
Finished RTL Hierarchical Component Statistics
---------------------------------------------------------------------------------
---------------------------------------------------------------------------------
Start Part Resource Summary
---------------------------------------------------------------------------------
Part Resources:
DSPs: 90 (col length:60)
BRAMs: 100 (col length: RAMB18 60 RAMB36 30)
---------------------------------------------------------------------------------
Finished Part Resource Summary
---------------------------------------------------------------------------------
---------------------------------------------------------------------------------
Start Cross Boundary and Area Optimization
---------------------------------------------------------------------------------
Warning: Parallel synthesis criteria is not met 
WARNING: [Synth 8-3330] design design_1_xlconstant_1_2 has an empty top module
INFO: [Synth 8-3917] design design_1_xlconstant_1_2 has port dout[31] driven by constant 1
INFO: [Synth 8-3917] design design_1_xlconstant_1_2 has port dout[30] driven by constant 1
INFO: [Synth 8-3917] design design_1_xlconstant_1_2 has port dout[29] driven by constant 1
INFO: [Synth 8-3917] design design_1_xlconstant_1_2 has port dout[28] driven by constant 1
INFO: [Synth 8-3917] design design_1_xlconstant_1_2 has port dout[27] driven by constant 1
INFO: [Synth 8-3917] design design_1_xlconstant_1_2 has port dout[26] driven by constant 1
INFO: [Synth 8-3917] design design_1_xlconstant_1_2 has port dout[25] driven by constant 1
INFO: [Synth 8-3917] design design_1_xlconstant_1_2 has port dout[24] driven by constant 1
INFO: [Synth 8-3917] design design_1_xlconstant_1_2 has port dout[23] driven by constant 1
INFO: [Synth 8-3917] design design_1_xlconstant_1_2 has port dout[22] driven by constant 1
INFO: [Synth 8-3917] design design_1_xlconstant_1_2 has port dout[21] driven by constant 1
INFO: [Synth 8-3917] design design_1_xlconstant_1_2 has port dout[20] driven by constant 1
INFO: [Synth 8-3917] design design_1_xlconstant_1_2 has port dout[19] driven by constant 1
INFO: [Synth 8-3917] design design_1_xlconstant_1_2 has port dout[18] driven by constant 1
INFO: [Synth 8-3917] design design_1_xlconstant_1_2 has port dout[17] driven by constant 1
INFO: [Synth 8-3917] design design_1_xlconstant_1_2 has port dout[16] driven by constant 1
INFO: [Synth 8-3917] design design_1_xlconstant_1_2 has port dout[15] driven by constant 0
INFO: [Synth 8-3917] design design_1_xlconstant_1_2 has port dout[14] driven by constant 0
INFO: [Synth 8-3917] design design_1_xlconstant_1_2 has port dout[13] driven by constant 0
INFO: [Synth 8-3917] design design_1_xlconstant_1_2 has port dout[12] driven by constant 0
INFO: [Synth 8-3917] design design_1_xlconstant_1_2 has port dout[11] driven by constant 0
INFO: [Synth 8-3917] design design_1_xlconstant_1_2 has port dout[10] driven by constant 0
INFO: [Synth 8-3917] design design_1_xlconstant_1_2 has port dout[9] driven by constant 0
INFO: [Synth 8-3917] design design_1_xlconstant_1_2 has port dout[8] driven by constant 0
INFO: [Synth 8-3917] design design_1_xlconstant_1_2 has port dout[7] driven by constant 0
INFO: [Synth 8-3917] design design_1_xlconstant_1_2 has port dout[6] driven by constant 0
INFO: [Synth 8-3917] design design_1_xlconstant_1_2 has port dout[5] driven by constant 0
INFO: [Synth 8-3917] design design_1_xlconstant_1_2 has port dout[4] driven by constant 0
INFO: [Synth 8-3917] design design_1_xlconstant_1_2 has port dout[3] driven by constant 0
INFO: [Synth 8-3917] design design_1_xlconstant_1_2 has port dout[2] driven by constant 0
INFO: [Synth 8-3917] design design_1_xlconstant_1_2 has port dout[1] driven by constant 1
INFO: [Synth 8-3917] design design_1_xlconstant_1_2 has port dout[0] driven by constant 1
---------------------------------------------------------------------------------
Finished Cross Boundary and Area Optimization : Time (s): cpu = 00:00:25 ; elapsed = 00:00:41 . Memory (MB): peak = 1570.176 ; gain = 372.996 ; free physical = 950 ; free virtual = 11511
---------------------------------------------------------------------------------

Report RTL Partitions: 
+-+--------------+------------+----------+
| |RTL Partition |Replication |Instances |
+-+--------------+------------+----------+
+-+--------------+------------+----------+
---------------------------------------------------------------------------------
Start Applying XDC Timing Constraints
---------------------------------------------------------------------------------
---------------------------------------------------------------------------------
Finished Applying XDC Timing Constraints : Time (s): cpu = 00:00:31 ; elapsed = 00:00:51 . Memory (MB): peak = 1588.160 ; gain = 390.980 ; free physical = 584 ; free virtual = 11146
---------------------------------------------------------------------------------
---------------------------------------------------------------------------------
Start Timing Optimization
---------------------------------------------------------------------------------
---------------------------------------------------------------------------------
Finished Timing Optimization : Time (s): cpu = 00:00:31 ; elapsed = 00:00:51 . Memory (MB): peak = 1588.160 ; gain = 390.980 ; free physical = 584 ; free virtual = 11145
---------------------------------------------------------------------------------

Report RTL Partitions: 
+-+--------------+------------+----------+
| |RTL Partition |Replication |Instances |
+-+--------------+------------+----------+
+-+--------------+------------+----------+
---------------------------------------------------------------------------------
Start Technology Mapping
---------------------------------------------------------------------------------
---------------------------------------------------------------------------------
Finished Technology Mapping : Time (s): cpu = 00:00:31 ; elapsed = 00:00:51 . Memory (MB): peak = 1588.160 ; gain = 390.980 ; free physical = 582 ; free virtual = 11144
---------------------------------------------------------------------------------

Report RTL Partitions: 
+-+--------------+------------+----------+
| |RTL Partition |Replication |Instances |
+-+--------------+------------+----------+
+-+--------------+------------+----------+
---------------------------------------------------------------------------------
Start IO Insertion
---------------------------------------------------------------------------------
---------------------------------------------------------------------------------
Start Flattening Before IO Insertion
---------------------------------------------------------------------------------
---------------------------------------------------------------------------------
Finished Flattening Before IO Insertion
---------------------------------------------------------------------------------
---------------------------------------------------------------------------------
Start Final Netlist Cleanup
---------------------------------------------------------------------------------
---------------------------------------------------------------------------------
Finished Final Netlist Cleanup
---------------------------------------------------------------------------------
---------------------------------------------------------------------------------
Finished IO Insertion : Time (s): cpu = 00:00:31 ; elapsed = 00:00:51 . Memory (MB): peak = 1589.160 ; gain = 391.980 ; free physical = 575 ; free virtual = 11136
---------------------------------------------------------------------------------

Report Check Netlist: 
+------+------------------+-------+---------+-------+------------------+
|      |Item              |Errors |Warnings |Status |Description       |
+------+------------------+-------+---------+-------+------------------+
|1     |multi_driven_nets |      0|        0|Passed |Multi driven nets |
+------+------------------+-------+---------+-------+------------------+
---------------------------------------------------------------------------------
Start Renaming Generated Instances
---------------------------------------------------------------------------------
---------------------------------------------------------------------------------
Finished Renaming Generated Instances : Time (s): cpu = 00:00:31 ; elapsed = 00:00:51 . Memory (MB): peak = 1589.160 ; gain = 391.980 ; free physical = 575 ; free virtual = 11136
---------------------------------------------------------------------------------

Report RTL Partitions: 
+-+--------------+------------+----------+
| |RTL Partition |Replication |Instances |
+-+--------------+------------+----------+
+-+--------------+------------+----------+
---------------------------------------------------------------------------------
Start Rebuilding User Hierarchy
---------------------------------------------------------------------------------
---------------------------------------------------------------------------------
Finished Rebuilding User Hierarchy : Time (s): cpu = 00:00:31 ; elapsed = 00:00:51 . Memory (MB): peak = 1589.160 ; gain = 391.980 ; free physical = 575 ; free virtual = 11136
---------------------------------------------------------------------------------
---------------------------------------------------------------------------------
Start Renaming Generated Ports
---------------------------------------------------------------------------------
---------------------------------------------------------------------------------
Finished Renaming Generated Ports : Time (s): cpu = 00:00:31 ; elapsed = 00:00:51 . Memory (MB): peak = 1589.160 ; gain = 391.980 ; free physical = 575 ; free virtual = 11136
---------------------------------------------------------------------------------
---------------------------------------------------------------------------------
Start Handling Custom Attributes
---------------------------------------------------------------------------------
---------------------------------------------------------------------------------
Finished Handling Custom Attributes : Time (s): cpu = 00:00:31 ; elapsed = 00:00:51 . Memory (MB): peak = 1589.160 ; gain = 391.980 ; free physical = 575 ; free virtual = 11136
---------------------------------------------------------------------------------
---------------------------------------------------------------------------------
Start Renaming Generated Nets
---------------------------------------------------------------------------------
---------------------------------------------------------------------------------
Finished Renaming Generated Nets : Time (s): cpu = 00:00:31 ; elapsed = 00:00:51 . Memory (MB): peak = 1589.160 ; gain = 391.980 ; free physical = 575 ; free virtual = 11136
---------------------------------------------------------------------------------
---------------------------------------------------------------------------------
Start Writing Synthesis Report
---------------------------------------------------------------------------------

Report BlackBoxes: 
+-+--------------+----------+
| |BlackBox name |Instances |
+-+--------------+----------+
+-+--------------+----------+

Report Cell Usage: 
+-+-----+------+
| |Cell |Count |
+-+-----+------+
+-+-----+------+

Report Instance Areas: 
+------+---------+-------+------+
|      |Instance |Module |Cells |
+------+---------+-------+------+
|1     |top      |       |     0|
+------+---------+-------+------+
---------------------------------------------------------------------------------
Finished Writing Synthesis Report : Time (s): cpu = 00:00:31 ; elapsed = 00:00:51 . Memory (MB): peak = 1589.160 ; gain = 391.980 ; free physical = 575 ; free virtual = 11136
---------------------------------------------------------------------------------
Synthesis finished with 0 errors, 0 critical warnings and 1 warnings.
Synthesis Optimization Runtime : Time (s): cpu = 00:00:27 ; elapsed = 00:00:34 . Memory (MB): peak = 1589.160 ; gain = 150.594 ; free physical = 654 ; free virtual = 11215
Synthesis Optimization Complete : Time (s): cpu = 00:00:31 ; elapsed = 00:00:51 . Memory (MB): peak = 1589.168 ; gain = 391.980 ; free physical = 656 ; free virtual = 11217
INFO: [Project 1-571] Translating synthesized netlist
INFO: [Project 1-570] Preparing netlist for logic optimization
INFO: [Opt 31-138] Pushed 0 inverter(s) to 0 load pin(s).
INFO: [Project 1-111] Unisim Transformation Summary:
No Unisim elements were transformed.

INFO: [Common 17-83] Releasing license: Synthesis
45 Infos, 1 Warnings, 0 Critical Warnings and 0 Errors encountered.
synth_design completed successfully
synth_design: Time (s): cpu = 00:00:32 ; elapsed = 00:00:52 . Memory (MB): peak = 1607.160 ; gain = 429.438 ; free physical = 603 ; free virtual = 11164
INFO: [Common 17-1381] The checkpoint '/home/nks/Desktop/at7_ex16_bd/project_AT7_BLOCK_design/project_AT7_BLOCK_design.runs/design_1_xlconstant_1_2_synth_1/design_1_xlconstant_1_2.dcp' has been generated.
